
────────────────────────────────────────────────────────────────
  CICLO  2026-05-11 13:54:12  |  límite: 1
────────────────────────────────────────────────────────────────

────────────────────────────────────────────────────────────────
  CICLO  2026-05-11 13:59:43  |  límite: 1
────────────────────────────────────────────────────────────────
2026-05-11 13:59:43  ✅  Porsche 911 Cabriolet 4s | ID viejo: MLM2848301537 → ID nuevo: MLM5324467432 | 33 días publicado

────────────────────────────────────────────────────────────────
  CICLO  2026-05-11 20:59:43  |  límite: 1
────────────────────────────────────────────────────────────────
2026-05-11 20:59:43  ✅  Audi S6 | ID viejo: MLM2850444647 → ID nuevo: MLM5325801730 | 33 días publicado [fallback: gold_premium → silver]

────────────────────────────────────────────────────────────────
  CICLO  2026-05-12 04:00:11  |  límite: 1
────────────────────────────────────────────────────────────────
2026-05-12 04:00:11  ✅  Land Rover Discovery | ID viejo: MLM2850150813 → ID nuevo: MLM5326949064 | 33 días publicado [fallback: gold_premium → silver]

────────────────────────────────────────────────────────────────
  CICLO  2026-05-11 22:16:10  |  límite: 1
────────────────────────────────────────────────────────────────
2026-05-11 22:16:10  ✅  Mercedes-benz Glc 300  | ID viejo: MLM5159017282 → ID nuevo: MLM2924027039 | 32 días publicado [fallback: gold → silver]

────────────────────────────────────────────────────────────────
  CICLO  2026-05-12 10:35:47  |  límite: 4
────────────────────────────────────────────────────────────────
2026-05-12 10:35:47  ✅  Mercedes-benz G63 Amg | ID viejo: MLM2853119995 → ID nuevo: MLM5330973870 | 33 días publicado [fallback: gold → silver]
2026-05-12 10:35:47  ✅  Porsche 911 Targa 4s | ID viejo: MLM2853096209 → ID nuevo: MLM5330995236 | 33 días publicado [fallback: gold → silver]
2026-05-12 10:35:47  ✅  Mercedes-benz G63 Amg | ID viejo: MLM5164914898 → ID nuevo: MLM5330973876 | 32 días publicado [fallback: gold_premium → silver]
2026-05-12 10:35:47  ✅  Porsche Cayenne 4.9 Turbo At | ID viejo: MLM2855621367 → ID nuevo: MLM5330995242 | 32 días publicado [fallback: gold → silver]

────────────────────────────────────────────────────────────────
  CICLO  2026-05-13 13:26:07  |  límite: 4
────────────────────────────────────────────────────────────────
2026-05-13 13:26:07  ✅  Tesla Model X | ID viejo: MLM5170301186 → ID nuevo: MLM5338572468 | 32 días publicado [fallback: gold_premium → silver]
2026-05-13 13:26:07  ✅  Porsche 911 Carrera T | ID viejo: MLM5178198218 → ID nuevo: MLM2929385461 | 30 días publicado [fallback: gold → silver]
2026-05-13 13:26:07  ✅  Bmw X5 4.4 Xdrive50ia M Sport At | ID viejo: MLM5158742904 → ID nuevo: MLM5338560558 | 34 días publicado [fallback: gold_premium → silver]
2026-05-13 13:26:07  ✅  Bmw Z4 M40i | ID viejo: MLM2858319001 → ID nuevo: MLM5338560758 | 32 días publicado [fallback: gold → silver]

────────────────────────────────────────────────────────────────
  CICLO  2026-05-14 13:23:32  |  límite: 4
────────────────────────────────────────────────────────────────
2026-05-14 13:23:32  ✅  Tesla Model X | ID viejo: MLM5186310162 → ID nuevo: MLM2932281379 | 30 días publicado [fallback: gold → silver]
2026-05-14 13:23:32  ✅  Mercedes-benz G63 Amg | ID viejo: MLM5186307224 → ID nuevo: MLM2932312669 | 30 días publicado [fallback: gold_premium → silver]
2026-05-14 13:23:32  ✅  Mercedes-benz C200 | ID viejo: MLM2864811521 → ID nuevo: MLM5346657276 | 30 días publicado [fallback: gold_premium → silver]
2026-05-14 13:23:32  ✅  Mercedes-benz Clase S 3.0 450 L 4matic | ID viejo: MLM5186633126 → ID nuevo: MLM5346657386 | 30 días publicado [fallback: gold → silver]

────────────────────────────────────────────────────────────────
  CICLO  2026-05-15 13:07:58  |  límite: 4
────────────────────────────────────────────────────────────────
2026-05-15 13:07:58  ✅  Bmw X6 3.0 Xdrive40i M Sport | ID viejo: MLM2867363515 → ID nuevo: MLM2935056265 | 30 días publicado
2026-05-15 13:07:58  ✅  Porsche Cayenne Coupé 3.0 V6 At | ID viejo: MLM2867292035 → ID nuevo: MLM2935056275 | 30 días publicado [fallback: gold_premium → silver]
2026-05-15 13:07:58  ✅  Mercedes-benz G63  | ID viejo: MLM5186450072 → ID nuevo: MLM5352389708 | 31 días publicado [fallback: gold_premium → silver]
2026-05-15 13:07:58  ✅  Bmw X4 2.0 Xdrive30i M Pro Edition | ID viejo: MLM5180395322 → ID nuevo: MLM2935056427 | 32 días publicado [fallback: gold → silver]

────────────────────────────────────────────────────────────────
  CICLO  2026-05-16 10:38:03  |  límite: 4
────────────────────────────────────────────────────────────────
2026-05-16 10:38:03  ✅  Audi S7 | ID viejo: MLM5194128954 → ID nuevo: MLM5356504294 | 31 días publicado [fallback: gold → silver]
2026-05-16 10:38:03  ✅  Porsche 911 Carrera Rsr | ID viejo: MLM5140533252 → ID nuevo: MLM5356466096 | 40 días publicado [fallback: gold → silver]

────────────────────────────────────────────────────────────────
  CICLO  2026-05-17 10:39:15  |  límite: 4
────────────────────────────────────────────────────────────────
2026-05-17 10:39:15  ✅  Chevrolet Camaro 6.2 Coupe Ss V8 At | ID viejo: MLM5200813436 → ID nuevo: MLM2938025545 | 31 días publicado [fallback: gold_premium → silver]

────────────────────────────────────────────────────────────────
  CICLO  2026-05-18 11:40:34  |  límite: 4
────────────────────────────────────────────────────────────────
2026-05-18 11:40:34  ✅  Porsche 911 Gt3 | ID viejo: MLM5205413856 → ID nuevo: MLM5363881772 | 31 días publicado
2026-05-18 11:40:34  ✅  Audi S5 Sportback | ID viejo: MLM5204058660 → ID nuevo: MLM5364007576 | 31 días publicado
2026-05-18 11:40:34  ✅  Porsche 911 Turbo S | ID viejo: MLM5204112534 → ID nuevo: MLM5364055056 | 31 días publicado [fallback: gold → silver]
2026-05-18 11:40:34  ✅  Porsche 911 Sc | ID viejo: MLM2873930609 → ID nuevo: MLM5364055278 | 30 días publicado

────────────────────────────────────────────────────────────────
  CICLO  2026-05-18 13:16:31  |  límite: 4
────────────────────────────────────────────────────────────────

────────────────────────────────────────────────────────────────
  CICLO  2026-05-19 13:29:59  |  límite: 4
────────────────────────────────────────────────────────────────

────────────────────────────────────────────────────────────────
  CICLO  2026-05-20 15:06:41  |  límite: 4
────────────────────────────────────────────────────────────────
2026-05-20 15:06:41  ✅  Land Rover Defender 110 | ID viejo: MLM2877539335 → ID nuevo: MLM5376527176 | 30 días publicado [fallback: gold → silver]

────────────────────────────────────────────────────────────────
  CICLO  2026-05-21 14:24:37  |  límite: 4
────────────────────────────────────────────────────────────────
2026-05-21 14:24:37  ✅  Mercedes Benz Gle53 Amg Coupe | ID viejo: MLM5222241376 → ID nuevo: MLM5384759022 | 30 días publicado [fallback: gold_premium → silver]
2026-05-21 14:24:37  ✅  Bmw X3 2.0 Xdrive30i X-line | ID viejo: MLM2880420739 → ID nuevo: MLM2948014197 | 30 días publicado [fallback: gold → silver]

────────────────────────────────────────────────────────────────
  CICLO  2026-05-22 13:17:18  |  límite: 4
────────────────────────────────────────────────────────────────
2026-05-22 13:17:18  ✅  Porsche Taycan Gts | ID viejo: MLM2883275643 → ID nuevo: MLM5389867596 | 30 días publicado
2026-05-22 13:17:18  ✅  Mercedes-benz C200 | ID viejo: MLM2883291639 → ID nuevo: MLM5389855658 | 30 días publicado [fallback: gold_premium → silver]

────────────────────────────────────────────────────────────────
  CICLO  2026-05-23 10:42:36  |  límite: 4
────────────────────────────────────────────────────────────────

────────────────────────────────────────────────────────────────
  CICLO  2026-05-24 10:45:36  |  límite: 4
────────────────────────────────────────────────────────────────
2026-05-24 10:45:36  ✅  Bmw Serie M 3.0 M2 Coupe At | ID viejo: MLM5233488522 → ID nuevo: MLM2954349813 | 31 días publicado [fallback: gold → silver]
2026-05-24 10:45:36  ✅  Mercedes-benz C250 | ID viejo: MLM2886187697 → ID nuevo: MLM2954299045 | 31 días publicado [fallback: gold → silver]
2026-05-24 10:45:36  ✅  Audi Rs E-tron 0.0 Gt Quattro | ID viejo: MLM5236381118 → ID nuevo: MLM2954349859 | 31 días publicado [fallback: gold → silver]
2026-05-24 10:45:36  ✅  Audi R8 5.3 Spyder 5.2 Fsi 540 Hp Dsg | ID viejo: MLM2886648725 → ID nuevo: MLM2954349865 | 31 días publicado [fallback: gold → silver]

────────────────────────────────────────────────────────────────
  CICLO  2026-05-25 13:06:07  |  límite: 4
────────────────────────────────────────────────────────────────
2026-05-25 13:06:07  ✅  Audi Q5 Sportback | ID viejo: MLM5241677980 → ID nuevo: MLM2956682529 | 31 días publicado
2026-05-25 13:06:07  ✅  Mercedes-benz G63 Amg | ID viejo: MLM5240382870 → ID nuevo: MLM2956692805 | 31 días publicado [fallback: gold → silver]
2026-05-25 13:06:07  ✅  Porsche Panamera Gts | ID viejo: MLM2888661935 → ID nuevo: MLM2956703095 | 31 días publicado [fallback: gold → silver]
2026-05-25 13:06:07  ✅  Mercedes Benz G63 | ID viejo: MLM2888654571 → ID nuevo: MLM2956703131 | 31 días publicado [fallback: gold_premium → silver]

────────────────────────────────────────────────────────────────
  CICLO  2026-05-26 14:36:50  |  límite: 4
────────────────────────────────────────────────────────────────
2026-05-26 14:36:50  ✅  Jeep Wrangler 3.6 Unlimited Sahara 3.6 4x4 At | ID viejo: MLM2891186855 → ID nuevo: MLM2959499925 | 31 días publicado [fallback: gold_premium → silver]
2026-05-26 14:36:50  ✅  Mercedes Benz G63 | ID viejo: MLM2888668537 → ID nuevo: MLM5407616194 | 32 días publicado [fallback: gold → silver]
